<?xml version="1.0" encoding="UTF-8"?>
<!-- Generated by org.testng.reporters.JUnitReportReporter -->
<testsuite hostname="DESKTOP-1GINDK7" failures="0" tests="7" name="testNGBasics.TestNGFeatures" time="0.006" errors="0" timestamp="2024-07-03T14:28:36 IST" skipped="0">
  <testcase classname="testNGBasics.TestNGFeatures" name="loginTest" time="0.001"/>
  <testcase classname="testNGBasics.TestNGFeatures" name="loginTest" time="0.000"/>
  <testcase classname="testNGBasics.TestNGFeatures" name="loginTest" time="0.001"/>
  <testcase classname="testNGBasics.TestNGFeatures" name="HomePageTest" time="0.001"/>
  <testcase classname="testNGBasics.TestNGFeatures" name="loginTest" time="0.001"/>
  <testcase classname="testNGBasics.TestNGFeatures" name="loginTest" time="0.001"/>
  <testcase classname="testNGBasics.TestNGFeatures" name="SearchPageTest" time="0.001"/>
</testsuite> <!-- testNGBasics.TestNGFeatures -->
