<?xml version="1.0" encoding="UTF-8"?>
<!-- Generated by org.testng.reporters.JUnitReportReporter -->
<testsuite hostname="DESKTOP-1GINDK7" failures="0" tests="2" name="testNGBasics.TestNGConcept" time="0.008" errors="0" timestamp="2024-07-03T14:28:36 IST" skipped="0">
  <testcase classname="testNGBasics.TestNGConcept" name="googleTest" time="0.004"/>
  <testcase classname="testNGBasics.TestNGConcept" name="yahooTest" time="0.004"/>
</testsuite> <!-- testNGBasics.TestNGConcept -->
