<?xml version="1.0" encoding="UTF-8"?>
<!-- Generated by org.testng.reporters.JUnitReportReporter -->
<testsuite hostname="DESKTOP-1GINDK7" failures="0" tests="1" name="testNGBasics.ParameterTest" time="12.901" errors="0" timestamp="2024-07-03T19:45:12 IST" skipped="0">
  <testcase classname="testNGBasics.ParameterTest" name="loginSiteTest" time="12.901"/>
</testsuite> <!-- testNGBasics.ParameterTest -->
